  [1m[35m (5.6ms)[0m  [1m[35mCREATE TABLE "schema_migrations" ("version" varchar NOT NULL PRIMARY KEY)[0m
  [1m[35m (2.6ms)[0m  [1m[35mCREATE TABLE "ar_internal_metadata" ("key" varchar NOT NULL PRIMARY KEY, "value" varchar, "created_at" datetime(6) NOT NULL, "updated_at" datetime(6) NOT NULL)[0m
  [1m[36mActiveRecord::SchemaMigration Pluck (0.1ms)[0m  [1m[34mSELECT "schema_migrations"."version" FROM "schema_migrations" ORDER BY "schema_migrations"."version" ASC[0m
Migrating to CreateHeros (20230324140522)
  [1m[36mTRANSACTION (0.0ms)[0m  [1m[36mbegin transaction[0m
  [1m[35m (0.2ms)[0m  [1m[35mCREATE TABLE "heros" ("id" integer PRIMARY KEY AUTOINCREMENT NOT NULL, "name" varchar, "super_name" varchar, "created_at" datetime(6) NOT NULL, "updated_at" datetime(6) NOT NULL)[0m
  [1m[36mActiveRecord::SchemaMigration Create (0.2ms)[0m  [1m[32mINSERT INTO "schema_migrations" ("version") VALUES (?)[0m  [["version", "20230324140522"]]
  [1m[36mTRANSACTION (7.1ms)[0m  [1m[36mcommit transaction[0m
Migrating to CreatePowers (20230324140702)
  [1m[36mTRANSACTION (0.0ms)[0m  [1m[36mbegin transaction[0m
  [1m[35m (0.2ms)[0m  [1m[35mCREATE TABLE "powers" ("id" integer PRIMARY KEY AUTOINCREMENT NOT NULL, "name" varchar, "description" text, "created_at" datetime(6) NOT NULL, "updated_at" datetime(6) NOT NULL)[0m
  [1m[36mActiveRecord::SchemaMigration Create (0.1ms)[0m  [1m[32mINSERT INTO "schema_migrations" ("version") VALUES (?)[0m  [["version", "20230324140702"]]
  [1m[36mTRANSACTION (2.4ms)[0m  [1m[36mcommit transaction[0m
Migrating to CreateHeroPowers (20230324140815)
  [1m[36mTRANSACTION (0.1ms)[0m  [1m[36mbegin transaction[0m
  [1m[35m (0.3ms)[0m  [1m[35mCREATE TABLE "hero_powers" ("id" integer PRIMARY KEY AUTOINCREMENT NOT NULL, "hero_id" integer NOT NULL, "power_id" integer NOT NULL, "strength" varchar, "created_at" datetime(6) NOT NULL, "updated_at" datetime(6) NOT NULL, CONSTRAINT "fk_rails_a064e6fddd"
FOREIGN KEY ("hero_id")
  REFERENCES "heros" ("id")
, CONSTRAINT "fk_rails_1e7d81986f"
FOREIGN KEY ("power_id")
  REFERENCES "powers" ("id")
)[0m
  [1m[35m (0.1ms)[0m  [1m[35mCREATE INDEX "index_hero_powers_on_hero_id" ON "hero_powers" ("hero_id")[0m
  [1m[35m (0.1ms)[0m  [1m[35mCREATE INDEX "index_hero_powers_on_power_id" ON "hero_powers" ("power_id")[0m
  [1m[36mActiveRecord::SchemaMigration Create (0.1ms)[0m  [1m[32mINSERT INTO "schema_migrations" ("version") VALUES (?)[0m  [["version", "20230324140815"]]
  [1m[36mTRANSACTION (2.5ms)[0m  [1m[36mcommit transaction[0m
  [1m[36mActiveRecord::InternalMetadata Load (0.2ms)[0m  [1m[34mSELECT "ar_internal_metadata".* FROM "ar_internal_metadata" WHERE "ar_internal_metadata"."key" = ? LIMIT ?[0m  [["key", "environment"], ["LIMIT", 1]]
  [1m[36mTRANSACTION (0.1ms)[0m  [1m[36mbegin transaction[0m
  [1m[36mActiveRecord::InternalMetadata Create (0.2ms)[0m  [1m[32mINSERT INTO "ar_internal_metadata" ("key", "value", "created_at", "updated_at") VALUES (?, ?, ?, ?)[0m  [["key", "environment"], ["value", "development"], ["created_at", "2023-07-03 07:04:57.306572"], ["updated_at", "2023-07-03 07:04:57.306572"]]
  [1m[36mTRANSACTION (2.8ms)[0m  [1m[36mcommit transaction[0m
  [1m[36mActiveRecord::SchemaMigration Pluck (0.1ms)[0m  [1m[34mSELECT "schema_migrations"."version" FROM "schema_migrations" ORDER BY "schema_migrations"."version" ASC[0m
  [1m[36mActiveRecord::SchemaMigration Pluck (0.1ms)[0m  [1m[34mSELECT "schema_migrations"."version" FROM "schema_migrations" ORDER BY "schema_migrations"."version" ASC[0m
  [1m[36mTRANSACTION (0.1ms)[0m  [1m[36mbegin transaction[0m
  [1m[36mHero Create (0.2ms)[0m  [1m[32mINSERT INTO "heros" ("name", "super_name", "created_at", "updated_at") VALUES (?, ?, ?, ?)[0m  [["name", "Kamala Khan"], ["super_name", "Ms. Marvel"], ["created_at", "2023-07-03 07:04:57.369155"], ["updated_at", "2023-07-03 07:04:57.369155"]]
  [1m[36mTRANSACTION (2.5ms)[0m  [1m[36mcommit transaction[0m
  [1m[36mTRANSACTION (0.1ms)[0m  [1m[36mbegin transaction[0m
  [1m[36mPower Create (0.3ms)[0m  [1m[32mINSERT INTO "powers" ("name", "description", "created_at", "updated_at") VALUES (?, ?, ?, ?)[0m  [["name", "super strength"], ["description", "gives the wielder super-human strengths"], ["created_at", "2023-07-03 07:04:57.414554"], ["updated_at", "2023-07-03 07:04:57.414554"]]
  [1m[36mTRANSACTION (3.5ms)[0m  [1m[36mcommit transaction[0m
  [1m[36mTRANSACTION (0.1ms)[0m  [1m[36mbegin transaction[0m
  [1m[36mHero Load (0.2ms)[0m  [1m[34mSELECT "heros".* FROM "heros" WHERE "heros"."id" = ? LIMIT ?[0m  [["id", 1], ["LIMIT", 1]]
  [1m[36mPower Load (0.1ms)[0m  [1m[34mSELECT "powers".* FROM "powers" WHERE "powers"."id" = ? LIMIT ?[0m  [["id", 1], ["LIMIT", 1]]
  [1m[36mTRANSACTION (0.0ms)[0m  [1m[31mrollback transaction[0m
  [1m[36mTRANSACTION (0.0ms)[0m  [1m[36mbegin transaction[0m
  [1m[36mPower Create (0.2ms)[0m  [1m[32mINSERT INTO "powers" ("name", "description", "created_at", "updated_at") VALUES (?, ?, ?, ?)[0m  [["name", "flight"], ["description", "gives the wielder the ability to fly through the skies at supersonic speed"], ["created_at", "2023-07-03 07:04:57.445555"], ["updated_at", "2023-07-03 07:04:57.445555"]]
  [1m[36mTRANSACTION (2.3ms)[0m  [1m[36mcommit transaction[0m
  [1m[36mTRANSACTION (0.0ms)[0m  [1m[36mbegin transaction[0m
  [1m[36mHero Load (0.1ms)[0m  [1m[34mSELECT "heros".* FROM "heros" WHERE "heros"."id" = ? LIMIT ?[0m  [["id", 1], ["LIMIT", 1]]
  [1m[36mPower Load (0.0ms)[0m  [1m[34mSELECT "powers".* FROM "powers" WHERE "powers"."id" = ? LIMIT ?[0m  [["id", 2], ["LIMIT", 1]]
  [1m[36mTRANSACTION (0.0ms)[0m  [1m[31mrollback transaction[0m
  [1m[36mTRANSACTION (0.0ms)[0m  [1m[36mbegin transaction[0m
  [1m[36mHero Create (0.1ms)[0m  [1m[32mINSERT INTO "heros" ("name", "super_name", "created_at", "updated_at") VALUES (?, ?, ?, ?)[0m  [["name", "Doreen Green"], ["super_name", "Squirrel Girl"], ["created_at", "2023-07-03 07:04:57.453413"], ["updated_at", "2023-07-03 07:04:57.453413"]]
  [1m[36mTRANSACTION (1.9ms)[0m  [1m[36mcommit transaction[0m
  [1m[36mTRANSACTION (0.0ms)[0m  [1m[36mbegin transaction[0m
  [1m[36mPower Create (0.2ms)[0m  [1m[32mINSERT INTO "powers" ("name", "description", "created_at", "updated_at") VALUES (?, ?, ?, ?)[0m  [["name", "invisibility"], ["description", "gives the wielder the power to become invisible"], ["created_at", "2023-07-03 07:04:57.457370"], ["updated_at", "2023-07-03 07:04:57.457370"]]
  [1m[36mTRANSACTION (2.0ms)[0m  [1m[36mcommit transaction[0m
  [1m[36mTRANSACTION (0.0ms)[0m  [1m[36mbegin transaction[0m
  [1m[36mHero Load (0.0ms)[0m  [1m[34mSELECT "heros".* FROM "heros" WHERE "heros"."id" = ? LIMIT ?[0m  [["id", 2], ["LIMIT", 1]]
  [1m[36mPower Load (0.0ms)[0m  [1m[34mSELECT "powers".* FROM "powers" WHERE "powers"."id" = ? LIMIT ?[0m  [["id", 3], ["LIMIT", 1]]
  [1m[36mTRANSACTION (0.0ms)[0m  [1m[31mrollback transaction[0m
  [1m[36mTRANSACTION (0.0ms)[0m  [1m[36mbegin transaction[0m
  [1m[36mPower Create (0.1ms)[0m  [1m[32mINSERT INTO "powers" ("name", "description", "created_at", "updated_at") VALUES (?, ?, ?, ?)[0m  [["name", "telekinesis"], ["description", "gives the wielder the power to move objects with their mind"], ["created_at", "2023-07-03 07:04:57.463852"], ["updated_at", "2023-07-03 07:04:57.463852"]]
  [1m[36mTRANSACTION (1.9ms)[0m  [1m[36mcommit transaction[0m
  [1m[36mTRANSACTION (0.0ms)[0m  [1m[36mbegin transaction[0m
  [1m[36mHero Load (0.0ms)[0m  [1m[34mSELECT "heros".* FROM "heros" WHERE "heros"."id" = ? LIMIT ?[0m  [["id", 2], ["LIMIT", 1]]
  [1m[36mPower Load (0.0ms)[0m  [1m[34mSELECT "powers".* FROM "powers" WHERE "powers"."id" = ? LIMIT ?[0m  [["id", 4], ["LIMIT", 1]]
  [1m[36mTRANSACTION (0.0ms)[0m  [1m[31mrollback transaction[0m
  [1m[36mTRANSACTION (0.0ms)[0m  [1m[36mbegin transaction[0m
  [1m[36mHero Create (0.1ms)[0m  [1m[32mINSERT INTO "heros" ("name", "super_name", "created_at", "updated_at") VALUES (?, ?, ?, ?)[0m  [["name", "Gwen Stacy"], ["super_name", "Spider-Gwen"], ["created_at", "2023-07-03 07:04:57.469784"], ["updated_at", "2023-07-03 07:04:57.469784"]]
  [1m[36mTRANSACTION (1.9ms)[0m  [1m[36mcommit transaction[0m
  [1m[36mTRANSACTION (0.0ms)[0m  [1m[36mbegin transaction[0m
  [1m[36mPower Create (0.1ms)[0m  [1m[32mINSERT INTO "powers" ("name", "description", "created_at", "updated_at") VALUES (?, ?, ?, ?)[0m  [["name", "invisibility"], ["description", "gives the wielder the power to become invisible"], ["created_at", "2023-07-03 07:04:57.473274"], ["updated_at", "2023-07-03 07:04:57.473274"]]
  [1m[36mTRANSACTION (2.0ms)[0m  [1m[36mcommit transaction[0m
  [1m[36mTRANSACTION (0.0ms)[0m  [1m[36mbegin transaction[0m
  [1m[36mHero Load (0.0ms)[0m  [1m[34mSELECT "heros".* FROM "heros" WHERE "heros"."id" = ? LIMIT ?[0m  [["id", 3], ["LIMIT", 1]]
  [1m[36mPower Load (0.0ms)[0m  [1m[34mSELECT "powers".* FROM "powers" WHERE "powers"."id" = ? LIMIT ?[0m  [["id", 5], ["LIMIT", 1]]
  [1m[36mTRANSACTION (0.0ms)[0m  [1m[31mrollback transaction[0m
  [1m[36mTRANSACTION (0.0ms)[0m  [1m[36mbegin transaction[0m
  [1m[36mPower Create (0.1ms)[0m  [1m[32mINSERT INTO "powers" ("name", "description", "created_at", "updated_at") VALUES (?, ?, ?, ?)[0m  [["name", "telekinesis"], ["description", "gives the wielder the power to move objects with their mind"], ["created_at", "2023-07-03 07:04:57.479115"], ["updated_at", "2023-07-03 07:04:57.479115"]]
  [1m[36mTRANSACTION (1.9ms)[0m  [1m[36mcommit transaction[0m
  [1m[36mTRANSACTION (0.0ms)[0m  [1m[36mbegin transaction[0m
  [1m[36mHero Load (0.0ms)[0m  [1m[34mSELECT "heros".* FROM "heros" WHERE "heros"."id" = ? LIMIT ?[0m  [["id", 3], ["LIMIT", 1]]
  [1m[36mPower Load (0.0ms)[0m  [1m[34mSELECT "powers".* FROM "powers" WHERE "powers"."id" = ? LIMIT ?[0m  [["id", 6], ["LIMIT", 1]]
  [1m[36mTRANSACTION (0.0ms)[0m  [1m[31mrollback transaction[0m
Started GET "/" for 127.0.0.1 at 2023-07-03 10:05:13 +0300
  [1m[36mActiveRecord::SchemaMigration Pluck (0.1ms)[0m  [1m[34mSELECT "schema_migrations"."version" FROM "schema_migrations" ORDER BY "schema_migrations"."version" ASC[0m
Processing by Rails::WelcomeController#index as HTML
  Rendering /home/alanlepar/.rbenv/versions/2.7.4/lib/ruby/gems/2.7.0/gems/railties-7.0.4.3/lib/rails/templates/rails/welcome/index.html.erb
  Rendered /home/alanlepar/.rbenv/versions/2.7.4/lib/ruby/gems/2.7.0/gems/railties-7.0.4.3/lib/rails/templates/rails/welcome/index.html.erb (Duration: 1.5ms | Allocations: 766)
Completed 200 OK in 30ms (Views: 5.0ms | ActiveRecord: 0.0ms | Allocations: 6652)


Started GET "/powers" for 127.0.0.1 at 2023-07-03 10:05:20 +0300
Processing by PowersController#index as HTML
  [1m[36mPower Load (0.2ms)[0m  [1m[34mSELECT "powers".* FROM "powers"[0m
  ↳ app/controllers/powers_controller.rb:7:in `index'
[active_model_serializers] Rendered ActiveModel::Serializer::CollectionSerializer with ActiveModelSerializers::Adapter::Attributes (0.57ms)
Completed 200 OK in 24ms (Views: 14.2ms | ActiveRecord: 0.6ms | Allocations: 23167)


